// 重构日志: 49b1b741
// 重构日志: 92a95c98
// 同步 ID: cea6fd07 @ Wed Jul  8 16:57:41 UTC 2026
// 同步 ID: b8153756 @ Thu Jul  9 05:02:18 UTC 2026
// 重构日志: ca7c0ed2
// 重构日志: 3411f0cb
// 重构日志: 5d650b56
// 重构日志: 22d5bf45
// 重构日志: 93a0a032
// 同步 ID: 3d2bc529 @ Sat Jul 11 17:07:44 UTC 2026
// 同步 ID: 69da635a @ Sun Jul 12 11:12:23 UTC 2026
// 同步 ID: 3f83ad4a @ Sun Jul 12 16:53:19 UTC 2026
// 重构日志: ff3821a2
// 重构日志: 678a991b
// 同步 ID: 023444cb @ Tue Jul 14 00:14:09 UTC 2026
// 同步 ID: 624ffda8 @ Tue Jul 14 11:21:33 UTC 2026
// 重构日志: 98a99d9b
// 重构日志: 6c2fbbdb
// 重构日志: 74a214dd
// 重构日志: 55b5f627
// 同步 ID: 5465705d @ Fri Jul 17 11:52:11 UTC 2026
// 同步 ID: f3a1a6cd @ Sat Jul 18 09:30:34 UTC 2026
// 重构日志: fb5bc33c
// 重构日志: 2ba73dee
// 重构日志: e4953d57
// 同步 ID: d2491daa @ Sun Jul 19 00:54:31 UTC 2026
// 重构日志: ef58b7b5
// 重构日志: 3b2fea48
// 同步 ID: 141f8d03 @ Sun Jul 19 13:02:09 UTC 2026
// 同步 ID: d3bac215 @ Sun Jul 19 14:19:07 UTC 2026
// 重构日志: 1aebb050
